{
  "RSpec": {
    "coverage": {
      "/Users/brianrippeto/Turing/3module/projects/explore_further/config/environment.rb": [
        null,
        1,
        null,
        null,
        1
      ],
      "/Users/brianrippeto/Turing/3module/projects/explore_further/config/application.rb": [
        1,
        null,
        1,
        null,
        null,
        null,
        1,
        null,
        1,
        1,
        null,
        null,
        null,
        null,
        null,
        null,
        null,
        null,
        null,
        null,
        null,
        null,
        null,
        1,
        null,
        null
      ],
      "/Users/brianrippeto/Turing/3module/projects/explore_further/config/boot.rb": [
        1,
        null,
        1
      ],
      "/Users/brianrippeto/Turing/3module/projects/explore_further/config/environments/test.rb": [
        1,
        null,
        null,
        null,
        null,
        null,
        null,
        1,
        null,
        null,
        null,
        null,
        1,
        null,
        null,
        1,
        1,
        null,
        null,
        1,
        1,
        null,
        null,
        1,
        null,
        null,
        1,
        null,
        null,
        null,
        null,
        1,
        null,
        null,
        1,
        null,
        null,
        1,
        null,
        null,
        null,
        null
      ],
      "/Users/brianrippeto/Turing/3module/projects/explore_further/config/initializers/assets.rb": [
        null,
        null,
        null,
        1,
        null,
        null,
        null,
        null,
        null,
        null,
        null
      ],
      "/Users/brianrippeto/Turing/3module/projects/explore_further/config/initializers/backtrace_silencers.rb": [
        null,
        null,
        null,
        null,
        null,
        null,
        null
      ],
      "/Users/brianrippeto/Turing/3module/projects/explore_further/config/initializers/cookies_serializer.rb": [
        null,
        null,
        1
      ],
      "/Users/brianrippeto/Turing/3module/projects/explore_further/config/initializers/filter_parameter_logging.rb": [
        null,
        null,
        null,
        1
      ],
      "/Users/brianrippeto/Turing/3module/projects/explore_further/config/initializers/inflections.rb": [
        null,
        null,
        null,
        null,
        null,
        null,
        null,
        null,
        null,
        null,
        null,
        null,
        null,
        null,
        null,
        null
      ],
      "/Users/brianrippeto/Turing/3module/projects/explore_further/config/initializers/mime_types.rb": [
        null,
        null,
        null,
        null
      ],
      "/Users/brianrippeto/Turing/3module/projects/explore_further/config/initializers/omniauth.rb": [
        1,
        1,
        null
      ],
      "/Users/brianrippeto/Turing/3module/projects/explore_further/config/initializers/session_store.rb": [
        null,
        null,
        1
      ],
      "/Users/brianrippeto/Turing/3module/projects/explore_further/config/initializers/wrap_parameters.rb": [
        null,
        null,
        null,
        null,
        null,
        null,
        1,
        1,
        null,
        null,
        null,
        null,
        null,
        null
      ],
      "/Users/brianrippeto/Turing/3module/projects/explore_further/config/routes.rb": [
        1,
        1,
        1,
        null,
        1,
        1,
        1,
        1,
        1,
        null
      ],
      "/Users/brianrippeto/Turing/3module/projects/explore_further/app/helpers/activities_helper.rb": [
        1,
        null,
        null,
        null,
        null,
        null,
        null,
        null,
        null,
        null,
        null,
        null,
        null,
        null,
        null,
        null,
        null,
        null,
        null,
        null,
        null
      ],
      "/Users/brianrippeto/Turing/3module/projects/explore_further/app/helpers/application_helper.rb": [
        1,
        null
      ],
      "/Users/brianrippeto/Turing/3module/projects/explore_further/app/helpers/crags_helper.rb": [
        1,
        null
      ],
      "/Users/brianrippeto/Turing/3module/projects/explore_further/app/helpers/landings_helper.rb": [
        1,
        null
      ],
      "/Users/brianrippeto/Turing/3module/projects/explore_further/app/helpers/sessions_helper.rb": [
        1,
        null
      ],
      "/Users/brianrippeto/Turing/3module/projects/explore_further/app/controllers/crags_controller.rb": [
        1,
        null,
        1,
        1,
        null,
        null,
        1,
        0,
        0,
        0,
        0,
        0,
        0,
        0,
        0,
        null,
        null
      ],
      "/Users/brianrippeto/Turing/3module/projects/explore_further/app/controllers/application_controller.rb": [
        1,
        1,
        1,
        null,
        1,
        25,
        null,
        null,
        1,
        null,
        5,
        null,
        null
      ],
      "/Users/brianrippeto/Turing/3module/projects/explore_further/app/lib/activity_box.rb": [
        1,
        null,
        1,
        1,
        null,
        null,
        1,
        1,
        null,
        null,
        1,
        1,
        1,
        null,
        1,
        1,
        1,
        1,
        null,
        1,
        null,
        null
      ],
      "/Users/brianrippeto/Turing/3module/projects/explore_further/app/models/athlete.rb": [
        1,
        1,
        1,
        1,
        1,
        1,
        null,
        1,
        5,
        5,
        5,
        5,
        5,
        5,
        5,
        5,
        5,
        null,
        null,
        null
      ],
      "/Users/brianrippeto/Turing/3module/projects/explore_further/app/models/crag.rb": [
        1,
        null,
        1,
        0,
        0,
        0,
        0,
        0,
        0,
        0,
        null,
        0,
        0,
        null,
        null,
        null
      ],
      "/Users/brianrippeto/Turing/3module/projects/explore_further/app/services/crag_service.rb": [
        1,
        1,
        1,
        2,
        2,
        null,
        null,
        1,
        1,
        null,
        null,
        1,
        1,
        null,
        null
      ],
      "/Users/brianrippeto/Turing/3module/projects/explore_further/app/services/activity_service.rb": [
        1,
        1,
        null,
        1,
        5,
        5,
        null,
        null,
        1,
        5,
        null,
        null,
        null
      ],
      "/Users/brianrippeto/Turing/3module/projects/explore_further/app/controllers/landings_controller.rb": [
        1,
        null,
        1,
        null,
        null,
        1,
        null,
        null,
        null
      ],
      "/Users/brianrippeto/Turing/3module/projects/explore_further/app/controllers/sessions_controller.rb": [
        1,
        null,
        1,
        5,
        5,
        5,
        null,
        null,
        null,
        1,
        1,
        1,
        null,
        null
      ],
      "/Users/brianrippeto/Turing/3module/projects/explore_further/app/models/activity.rb": [
        1,
        null,
        1,
        4,
        120,
        120,
        120,
        120,
        120,
        120,
        120,
        120,
        120,
        120,
        120,
        120,
        120,
        120,
        120,
        120,
        120,
        120,
        120,
        null,
        null,
        null
      ],
      "/Users/brianrippeto/Turing/3module/projects/explore_further/app/controllers/activities_controller.rb": [
        1,
        1,
        null,
        1,
        3,
        null,
        null,
        1,
        1,
        14,
        null,
        null
      ]
    },
    "timestamp": 1461612166
  }
}
