{
  "RSpec": {
    "coverage": {
      "/Users/brianrippeto/Turing/3module/projects/explore_further/app/helpers/activities_helper.rb": [
        1,
        null,
        null,
        null,
        null,
        null,
        null,
        null,
        null,
        null,
        null,
        null,
        null,
        null,
        null,
        null,
        null,
        null,
        null,
        null,
        null
      ],
      "/Users/brianrippeto/Turing/3module/projects/explore_further/app/helpers/application_helper.rb": [
        1,
        null
      ],
      "/Users/brianrippeto/Turing/3module/projects/explore_further/app/helpers/crags_helper.rb": [
        1,
        null
      ],
      "/Users/brianrippeto/Turing/3module/projects/explore_further/app/helpers/landings_helper.rb": [
        1,
        null
      ],
      "/Users/brianrippeto/Turing/3module/projects/explore_further/app/helpers/sessions_helper.rb": [
        1,
        null
      ],
      "/Users/brianrippeto/Turing/3module/projects/explore_further/app/controllers/crags_controller.rb": [
        1,
        null,
        1,
        0,
        null,
        null,
        1,
        2,
        2,
        2,
        2,
        null,
        2,
        null,
        null,
        1,
        0,
        0,
        0,
        null,
        0,
        null,
        null
      ],
      "/Users/brianrippeto/Turing/3module/projects/explore_further/app/controllers/application_controller.rb": [
        1,
        1,
        1,
        null,
        1,
        47,
        null,
        null,
        1,
        null,
        11,
        null,
        null
      ],
      "/Users/brianrippeto/Turing/3module/projects/explore_further/app/lib/activity_box.rb": [
        1,
        null,
        1,
        3,
        null,
        null,
        1,
        3,
        null,
        null,
        1,
        3,
        3,
        null,
        3,
        3,
        3,
        3,
        null,
        3,
        null,
        null
      ],
      "/Users/brianrippeto/Turing/3module/projects/explore_further/app/lib/miles_converter.rb": [
        1,
        null,
        1,
        3,
        null,
        null,
        null
      ],
      "/Users/brianrippeto/Turing/3module/projects/explore_further/app/models/athlete.rb": [
        1,
        1,
        1,
        1,
        1,
        1,
        null,
        1,
        8,
        8,
        8,
        8,
        8,
        8,
        8,
        8,
        8,
        null,
        null,
        null
      ],
      "/Users/brianrippeto/Turing/3module/projects/explore_further/app/services/crag_service.rb": [
        1,
        1,
        1,
        6,
        6,
        null,
        null,
        1,
        3,
        null,
        null,
        1,
        3,
        null,
        null
      ],
      "/Users/brianrippeto/Turing/3module/projects/explore_further/app/services/activity_service.rb": [
        1,
        1,
        null,
        1,
        12,
        12,
        null,
        null,
        1,
        12,
        null,
        null,
        null,
        null
      ],
      "/Users/brianrippeto/Turing/3module/projects/explore_further/app/controllers/landings_controller.rb": [
        1,
        null,
        1,
        null,
        null,
        1,
        null,
        null,
        null
      ],
      "/Users/brianrippeto/Turing/3module/projects/explore_further/app/controllers/sessions_controller.rb": [
        1,
        null,
        1,
        8,
        8,
        8,
        null,
        null,
        null,
        1,
        1,
        1,
        null,
        null
      ],
      "/Users/brianrippeto/Turing/3module/projects/explore_further/app/controllers/activities_controller.rb": [
        1,
        1,
        null,
        1,
        5,
        null,
        null,
        1,
        6,
        6,
        6,
        null,
        null
      ],
      "/Users/brianrippeto/Turing/3module/projects/explore_further/app/models/activity.rb": [
        1,
        null,
        null,
        1,
        11,
        330,
        330,
        330,
        330,
        330,
        330,
        330,
        330,
        330,
        330,
        330,
        330,
        330,
        330,
        330,
        330,
        330,
        330,
        330,
        330,
        null,
        null,
        null,
        1,
        6,
        372,
        null,
        null,
        1,
        0,
        null,
        null,
        1,
        6,
        null,
        null
      ],
      "/Users/brianrippeto/Turing/3module/projects/explore_further/app/models/crag.rb": [
        1,
        null,
        1,
        2,
        24,
        24,
        24,
        24,
        24,
        54,
        null,
        24,
        24,
        null,
        null,
        null
      ],
      "/Users/brianrippeto/Turing/3module/projects/explore_further/app/lib/crags_builder.rb": [
        1,
        null,
        1,
        2,
        2,
        2,
        2,
        2,
        26,
        null,
        null,
        null
      ],
      "/Users/brianrippeto/Turing/3module/projects/explore_further/app/controllers/favorite_crags_controller.rb": [
        1,
        1,
        1,
        null,
        null
      ],
      "/Users/brianrippeto/Turing/3module/projects/explore_further/app/controllers/api/v1/favorites_controller.rb": [
        0,
        0,
        0,
        0,
        0,
        0,
        0,
        0,
        0,
        0,
        0
      ]
    },
    "timestamp": 1461823340
  }
}
